============================================================
Time  2024/10/14 14:17:50 094 
============================================================
[2024/10/14 14:17:50 094] lgi        684  SYS_MSG_LOAD  
[2024/10/14 14:17:50 095] lgi        706  SYS_MSG_REGCB  msp_status_cb  func(5c013960) 
[2024/10/14 14:17:50 095] lgi        298  LGI_MSG_INIT  
[2024/10/14 14:17:50 095] lgi        305  lgi  lgi_  268436457  1573451739  
[2024/10/14 14:17:50 095] lgi        347  work_dir  .  
[2024/10/14 14:17:50 095] lgi        403  token:  nil  
[2024/10/14 14:17:50 095] lgi        476  msc cver : 5.0.44.1288  
[2024/10/14 14:17:50 095] lgi        519  ns_enable=  1  
[2024/10/14 14:17:50 095] lgi        531  prot_ver=1  
[2024/10/14 14:17:50 095] lgi        542  prot_type=tcp  
[2024/10/14 14:17:50 095] lgi        693  SYS_MSG_UNLOAD  go bg!  
[2024/10/14 14:17:57 423] lgi        697  SYS_MSG_SHUTDOWN  
============================================================
Time  2024/10/14 14:18:32 082 
============================================================
[2024/10/14 14:18:32 082] lgi        684  SYS_MSG_LOAD  
[2024/10/14 14:18:32 083] lgi        706  SYS_MSG_REGCB  msp_status_cb  func(7c013960) 
[2024/10/14 14:18:32 083] lgi        298  LGI_MSG_INIT  
[2024/10/14 14:18:32 083] lgi        305  lgi  lgi_  268436457  1573451739  
[2024/10/14 14:18:32 083] lgi        347  work_dir  .  
[2024/10/14 14:18:32 083] lgi        403  token:  nil  
[2024/10/14 14:18:32 083] lgi        476  msc cver : 5.0.44.1288  
[2024/10/14 14:18:32 083] lgi        519  ns_enable=  1  
[2024/10/14 14:18:32 083] lgi        531  prot_ver=1  
[2024/10/14 14:18:32 083] lgi        542  prot_type=tcp  
[2024/10/14 14:18:32 083] lgi        693  SYS_MSG_UNLOAD  go bg!  
============================================================
Time  2024/10/14 14:19:38 330 
============================================================
[2024/10/14 14:19:38 330] lgi        684  SYS_MSG_LOAD  
[2024/10/14 14:19:38 331] lgi        706  SYS_MSG_REGCB  msp_status_cb  func(c0013960) 
[2024/10/14 14:19:38 331] lgi        298  LGI_MSG_INIT  
[2024/10/14 14:19:38 331] lgi        305  lgi  lgi_  268436457  1573451739  
[2024/10/14 14:19:38 331] lgi        347  work_dir  .  
[2024/10/14 14:19:38 331] lgi        403  token:  nil  
[2024/10/14 14:19:38 331] lgi        476  msc cver : 5.0.44.1288  
[2024/10/14 14:19:38 331] lgi        519  ns_enable=  1  
[2024/10/14 14:19:38 331] lgi        531  prot_ver=1  
[2024/10/14 14:19:38 331] lgi        542  prot_type=tcp  
[2024/10/14 14:19:38 331] lgi        693  SYS_MSG_UNLOAD  go bg!  
[2024/10/14 14:19:44 237] lgi        697  SYS_MSG_SHUTDOWN  
============================================================
Time  2024/10/14 14:22:30 088 
============================================================
[2024/10/14 14:22:30 088] lgi        684  SYS_MSG_LOAD  
[2024/10/14 14:22:30 089] lgi        706  SYS_MSG_REGCB  msp_status_cb  func(20053760) 
[2024/10/14 14:22:30 089] lgi        298  LGI_MSG_INIT  
[2024/10/14 14:22:30 089] lgi        305  lgi  lgi_  268436457  1573451739  
[2024/10/14 14:22:30 089] lgi        347  work_dir  .  
[2024/10/14 14:22:30 089] lgi        403  token:  nil  
[2024/10/14 14:22:30 089] lgi        476  msc cver : 5.0.44.1288  
[2024/10/14 14:22:30 089] lgi        519  ns_enable=  1  
[2024/10/14 14:22:30 089] lgi        531  prot_ver=1  
[2024/10/14 14:22:30 089] lgi        542  prot_type=tcp  
[2024/10/14 14:22:30 091] lgi        693  SYS_MSG_UNLOAD  go bg!  
[2024/10/14 14:22:40 489] lgi        697  SYS_MSG_SHUTDOWN  
============================================================
Time  2024/10/14 14:23:04 315 
============================================================
[2024/10/14 14:23:04 315] lgi        684  SYS_MSG_LOAD  
[2024/10/14 14:23:04 315] lgi        706  SYS_MSG_REGCB  msp_status_cb  func(94013960) 
[2024/10/14 14:23:04 315] lgi        298  LGI_MSG_INIT  
[2024/10/14 14:23:04 315] lgi        305  lgi  lgi_  268436457  1573451739  
[2024/10/14 14:23:04 316] lgi        347  work_dir  .  
[2024/10/14 14:23:04 316] lgi        403  token:  nil  
[2024/10/14 14:23:04 316] lgi        476  msc cver : 5.0.44.1288  
[2024/10/14 14:23:04 316] lgi        519  ns_enable=  1  
[2024/10/14 14:23:04 316] lgi        531  prot_ver=1  
[2024/10/14 14:23:04 316] lgi        542  prot_type=tcp  
[2024/10/14 14:23:04 316] lgi        693  SYS_MSG_UNLOAD  go bg!  
[2024/10/14 14:23:15 159] lgi        697  SYS_MSG_SHUTDOWN  
============================================================
Time  2024/10/14 14:30:43 700 
============================================================
[2024/10/14 14:30:43 700] lgi        684  SYS_MSG_LOAD  
[2024/10/14 14:30:43 700] lgi        706  SYS_MSG_REGCB  msp_status_cb  func(48013960) 
[2024/10/14 14:30:43 700] lgi        298  LGI_MSG_INIT  
[2024/10/14 14:30:43 700] lgi        305  lgi  lgi_  268436457  1573451739  
[2024/10/14 14:30:43 700] lgi        347  work_dir  .  
[2024/10/14 14:30:43 700] lgi        403  token:  nil  
[2024/10/14 14:30:43 700] lgi        476  msc cver : 5.0.44.1288  
[2024/10/14 14:30:43 700] lgi        519  ns_enable=  1  
[2024/10/14 14:30:43 700] lgi        531  prot_ver=1  
[2024/10/14 14:30:43 700] lgi        542  prot_type=tcp  
[2024/10/14 14:30:43 700] lgi        693  SYS_MSG_UNLOAD  go bg!  
[2024/10/14 14:30:48 582] lgi        697  SYS_MSG_SHUTDOWN  
============================================================
Time  2024/10/14 14:32:36 443 
============================================================
[2024/10/14 14:32:36 443] lgi        684  SYS_MSG_LOAD  
[2024/10/14 14:32:36 444] lgi        706  SYS_MSG_REGCB  msp_status_cb  func(6c053400) 
[2024/10/14 14:32:36 444] lgi        298  LGI_MSG_INIT  
[2024/10/14 14:32:36 444] lgi        305  lgi  lgi_  268436457  1573451739  
[2024/10/14 14:32:36 444] lgi        347  work_dir  .  
[2024/10/14 14:32:36 444] lgi        403  token:  nil  
[2024/10/14 14:32:36 444] lgi        476  msc cver : 5.0.44.1288  
[2024/10/14 14:32:36 444] lgi        519  ns_enable=  1  
[2024/10/14 14:32:36 444] lgi        531  prot_ver=1  
[2024/10/14 14:32:36 444] lgi        542  prot_type=tcp  
[2024/10/14 14:32:36 445] lgi        693  SYS_MSG_UNLOAD  go bg!  
[2024/10/14 14:32:41 349] lgi        697  SYS_MSG_SHUTDOWN  
============================================================
Time  2024/10/14 14:32:52 666 
============================================================
[2024/10/14 14:32:52 666] lgi        684  SYS_MSG_LOAD  
[2024/10/14 14:32:52 666] lgi        706  SYS_MSG_REGCB  msp_status_cb  func(ac013960) 
[2024/10/14 14:32:52 666] lgi        298  LGI_MSG_INIT  
[2024/10/14 14:32:52 666] lgi        305  lgi  lgi_  268436457  1573451739  
[2024/10/14 14:32:52 666] lgi        347  work_dir  .  
[2024/10/14 14:32:52 666] lgi        403  token:  nil  
[2024/10/14 14:32:52 666] lgi        476  msc cver : 5.0.44.1288  
[2024/10/14 14:32:52 666] lgi        519  ns_enable=  1  
[2024/10/14 14:32:52 666] lgi        531  prot_ver=1  
[2024/10/14 14:32:52 666] lgi        542  prot_type=tcp  
[2024/10/14 14:32:52 667] lgi        693  SYS_MSG_UNLOAD  go bg!  
[2024/10/14 14:37:07 033] lgi        697  SYS_MSG_SHUTDOWN  
============================================================
Time  2024/10/14 14:37:18 683 
============================================================
[2024/10/14 14:37:18 683] lgi        684  SYS_MSG_LOAD  
[2024/10/14 14:37:18 683] lgi        706  SYS_MSG_REGCB  msp_status_cb  func(f4013960) 
[2024/10/14 14:37:18 683] lgi        298  LGI_MSG_INIT  
[2024/10/14 14:37:18 683] lgi        305  lgi  lgi_  268436457  1573451739  
[2024/10/14 14:37:18 683] lgi        347  work_dir  .  
[2024/10/14 14:37:18 683] lgi        403  token:  nil  
[2024/10/14 14:37:18 683] lgi        476  msc cver : 5.0.44.1288  
[2024/10/14 14:37:18 683] lgi        519  ns_enable=  1  
[2024/10/14 14:37:18 683] lgi        531  prot_ver=1  
[2024/10/14 14:37:18 683] lgi        542  prot_type=tcp  
[2024/10/14 14:37:18 684] lgi        693  SYS_MSG_UNLOAD  go bg!  
============================================================
Time  2024/10/14 14:48:16 409 
============================================================
[2024/10/14 14:48:16 409] lgi        684  SYS_MSG_LOAD  
[2024/10/14 14:48:16 413] lgi        706  SYS_MSG_REGCB  msp_status_cb  func(940135e0) 
[2024/10/14 14:48:16 413] lgi        298  LGI_MSG_INIT  
[2024/10/14 14:48:16 413] lgi        305  lgi  lgi_  268436457  1573451739  
[2024/10/14 14:48:16 413] lgi        347  work_dir  .  
[2024/10/14 14:48:16 413] lgi        403  token:  nil  
[2024/10/14 14:48:16 413] lgi        476  msc cver : 5.0.44.1288  
[2024/10/14 14:48:16 413] lgi        519  ns_enable=  1  
[2024/10/14 14:48:16 413] lgi        531  prot_ver=1  
[2024/10/14 14:48:16 413] lgi        542  prot_type=tcp  
[2024/10/14 14:48:16 414] lgi        693  SYS_MSG_UNLOAD  go bg!  
[2024/10/14 14:49:22 946] lgi        697  SYS_MSG_SHUTDOWN  
============================================================
Time  2024/10/14 14:49:33 633 
============================================================
[2024/10/14 14:49:33 633] lgi        684  SYS_MSG_LOAD  
[2024/10/14 14:49:33 634] lgi        706  SYS_MSG_REGCB  msp_status_cb  func(80533f0) 
[2024/10/14 14:49:33 634] lgi        298  LGI_MSG_INIT  
[2024/10/14 14:49:33 634] lgi        305  lgi  lgi_  268436457  1573451739  
[2024/10/14 14:49:33 634] lgi        347  work_dir  .  
[2024/10/14 14:49:33 634] lgi        403  token:  nil  
[2024/10/14 14:49:33 634] lgi        476  msc cver : 5.0.44.1288  
[2024/10/14 14:49:33 634] lgi        519  ns_enable=  1  
[2024/10/14 14:49:33 634] lgi        531  prot_ver=1  
[2024/10/14 14:49:33 634] lgi        542  prot_type=tcp  
[2024/10/14 14:49:33 634] lgi        693  SYS_MSG_UNLOAD  go bg!  
============================================================
Time  2024/10/14 14:51:50 734 
============================================================
[2024/10/14 14:51:50 734] lgi        684  SYS_MSG_LOAD  
[2024/10/14 14:51:50 735] lgi        706  SYS_MSG_REGCB  msp_status_cb  func(7c0533f0) 
[2024/10/14 14:51:50 735] lgi        298  LGI_MSG_INIT  
[2024/10/14 14:51:50 735] lgi        305  lgi  lgi_  268436457  1573451739  
[2024/10/14 14:51:50 735] lgi        347  work_dir  .  
[2024/10/14 14:51:50 735] lgi        403  token:  nil  
[2024/10/14 14:51:50 735] lgi        476  msc cver : 5.0.44.1288  
[2024/10/14 14:51:50 735] lgi        519  ns_enable=  1  
[2024/10/14 14:51:50 735] lgi        531  prot_ver=1  
[2024/10/14 14:51:50 735] lgi        542  prot_type=tcp  
[2024/10/14 14:51:50 735] lgi        693  SYS_MSG_UNLOAD  go bg!  
[2024/10/14 14:51:59 600] lgi        697  SYS_MSG_SHUTDOWN  
============================================================
Time  2024/10/14 14:52:11 724 
============================================================
[2024/10/14 14:52:11 724] lgi        684  SYS_MSG_LOAD  
[2024/10/14 14:52:11 724] lgi        706  SYS_MSG_REGCB  msp_status_cb  func(34013960) 
[2024/10/14 14:52:11 724] lgi        298  LGI_MSG_INIT  
[2024/10/14 14:52:11 724] lgi        305  lgi  lgi_  268436457  1573451739  
[2024/10/14 14:52:11 724] lgi        347  work_dir  .  
[2024/10/14 14:52:11 724] lgi        403  token:  nil  
[2024/10/14 14:52:11 724] lgi        476  msc cver : 5.0.44.1288  
[2024/10/14 14:52:11 724] lgi        519  ns_enable=  1  
[2024/10/14 14:52:11 724] lgi        531  prot_ver=1  
[2024/10/14 14:52:11 724] lgi        542  prot_type=tcp  
[2024/10/14 14:52:11 724] lgi        693  SYS_MSG_UNLOAD  go bg!  
============================================================
Time  2024/10/14 14:52:34 747 
============================================================
[2024/10/14 14:52:34 747] lgi        684  SYS_MSG_LOAD  
[2024/10/14 14:52:34 747] lgi        706  SYS_MSG_REGCB  msp_status_cb  func(a4013960) 
[2024/10/14 14:52:34 747] lgi        298  LGI_MSG_INIT  
[2024/10/14 14:52:34 747] lgi        305  lgi  lgi_  268436457  1573451739  
[2024/10/14 14:52:34 747] lgi        347  work_dir  .  
[2024/10/14 14:52:34 747] lgi        403  token:  nil  
[2024/10/14 14:52:34 747] lgi        476  msc cver : 5.0.44.1288  
[2024/10/14 14:52:34 747] lgi        519  ns_enable=  1  
[2024/10/14 14:52:34 748] lgi        531  prot_ver=1  
[2024/10/14 14:52:34 748] lgi        542  prot_type=tcp  
[2024/10/14 14:52:34 748] lgi        693  SYS_MSG_UNLOAD  go bg!  
[2024/10/14 14:52:43 301] lgi        697  SYS_MSG_SHUTDOWN  
============================================================
Time  2024/10/14 14:56:49 256 
============================================================
[2024/10/14 14:56:49 256] lgi        684  SYS_MSG_LOAD  
[2024/10/14 14:56:49 256] lgi        706  SYS_MSG_REGCB  msp_status_cb  func(8013960) 
[2024/10/14 14:56:49 256] lgi        298  LGI_MSG_INIT  
[2024/10/14 14:56:49 256] lgi        305  lgi  lgi_  268436457  1573451739  
[2024/10/14 14:56:49 256] lgi        347  work_dir  .  
[2024/10/14 14:56:49 256] lgi        403  token:  nil  
[2024/10/14 14:56:49 256] lgi        476  msc cver : 5.0.44.1288  
[2024/10/14 14:56:49 256] lgi        519  ns_enable=  1  
[2024/10/14 14:56:49 256] lgi        531  prot_ver=1  
[2024/10/14 14:56:49 256] lgi        542  prot_type=tcp  
[2024/10/14 14:56:49 256] lgi        693  SYS_MSG_UNLOAD  go bg!  
[2024/10/14 14:56:53 787] lgi        697  SYS_MSG_SHUTDOWN  
============================================================
Time  2024/10/14 16:26:36 417 
============================================================
[2024/10/14 16:26:36 417] lgi        684  SYS_MSG_LOAD  
[2024/10/14 16:26:36 418] lgi        706  SYS_MSG_REGCB  msp_status_cb  func(74013960) 
[2024/10/14 16:26:36 418] lgi        298  LGI_MSG_INIT  
[2024/10/14 16:26:36 418] lgi        305  lgi  lgi_  268436457  1573451739  
[2024/10/14 16:26:36 418] lgi        347  work_dir  .  
[2024/10/14 16:26:36 418] lgi        403  token:  nil  
[2024/10/14 16:26:36 418] lgi        476  msc cver : 5.0.44.1288  
[2024/10/14 16:26:36 418] lgi        519  ns_enable=  1  
[2024/10/14 16:26:36 418] lgi        531  prot_ver=1  
[2024/10/14 16:26:36 418] lgi        542  prot_type=tcp  
[2024/10/14 16:26:36 422] lgi        693  SYS_MSG_UNLOAD  go bg!  
============================================================
Time  2024/10/14 16:29:19 651 
============================================================
[2024/10/14 16:29:19 651] lgi        684  SYS_MSG_LOAD  
[2024/10/14 16:29:19 651] lgi        706  SYS_MSG_REGCB  msp_status_cb  func(f8013960) 
[2024/10/14 16:29:19 651] lgi        298  LGI_MSG_INIT  
[2024/10/14 16:29:19 651] lgi        305  lgi  lgi_  268436457  1573451739  
[2024/10/14 16:29:19 651] lgi        347  work_dir  .  
[2024/10/14 16:29:19 651] lgi        403  token:  nil  
[2024/10/14 16:29:19 651] lgi        476  msc cver : 5.0.44.1288  
[2024/10/14 16:29:19 651] lgi        519  ns_enable=  1  
[2024/10/14 16:29:19 651] lgi        531  prot_ver=1  
[2024/10/14 16:29:19 651] lgi        542  prot_type=tcp  
[2024/10/14 16:29:19 652] lgi        693  SYS_MSG_UNLOAD  go bg!  
[2024/10/14 16:29:26 178] lgi        697  SYS_MSG_SHUTDOWN  
============================================================
Time  2024/10/14 16:29:49 614 
============================================================
[2024/10/14 16:29:49 614] lgi        684  SYS_MSG_LOAD  
[2024/10/14 16:29:49 614] lgi        706  SYS_MSG_REGCB  msp_status_cb  func(d8013960) 
[2024/10/14 16:29:49 614] lgi        298  LGI_MSG_INIT  
[2024/10/14 16:29:49 614] lgi        305  lgi  lgi_  268436457  1573451739  
[2024/10/14 16:29:49 614] lgi        347  work_dir  .  
[2024/10/14 16:29:49 614] lgi        403  token:  nil  
[2024/10/14 16:29:49 614] lgi        476  msc cver : 5.0.44.1288  
[2024/10/14 16:29:49 614] lgi        519  ns_enable=  1  
[2024/10/14 16:29:49 614] lgi        531  prot_ver=1  
[2024/10/14 16:29:49 614] lgi        542  prot_type=tcp  
[2024/10/14 16:29:49 614] lgi        693  SYS_MSG_UNLOAD  go bg!  
============================================================
Time  2024/10/14 16:32:50 527 
============================================================
[2024/10/14 16:32:50 527] lgi        684  SYS_MSG_LOAD  
[2024/10/14 16:32:50 527] lgi        706  SYS_MSG_REGCB  msp_status_cb  func(c8013920) 
[2024/10/14 16:32:50 528] lgi        298  LGI_MSG_INIT  
[2024/10/14 16:32:50 528] lgi        305  lgi  lgi_  268436457  1573451739  
[2024/10/14 16:32:50 528] lgi        347  work_dir  .  
[2024/10/14 16:32:50 528] lgi        403  token:  nil  
[2024/10/14 16:32:50 528] lgi        476  msc cver : 5.0.44.1288  
[2024/10/14 16:32:50 528] lgi        519  ns_enable=  1  
[2024/10/14 16:32:50 528] lgi        531  prot_ver=1  
[2024/10/14 16:32:50 528] lgi        542  prot_type=tcp  
[2024/10/14 16:32:50 528] lgi        693  SYS_MSG_UNLOAD  go bg!  
[2024/10/14 16:32:59 054] lgi        697  SYS_MSG_SHUTDOWN  
============================================================
Time  2024/10/14 16:33:13 571 
============================================================
[2024/10/14 16:33:13 571] lgi        684  SYS_MSG_LOAD  
[2024/10/14 16:33:13 571] lgi        706  SYS_MSG_REGCB  msp_status_cb  func(b4013960) 
[2024/10/14 16:33:13 571] lgi        298  LGI_MSG_INIT  
[2024/10/14 16:33:13 571] lgi        305  lgi  lgi_  268436457  1573451739  
[2024/10/14 16:33:13 571] lgi        347  work_dir  .  
[2024/10/14 16:33:13 571] lgi        403  token:  nil  
[2024/10/14 16:33:13 571] lgi        476  msc cver : 5.0.44.1288  
[2024/10/14 16:33:13 571] lgi        519  ns_enable=  1  
[2024/10/14 16:33:13 571] lgi        531  prot_ver=1  
[2024/10/14 16:33:13 571] lgi        542  prot_type=tcp  
[2024/10/14 16:33:13 572] lgi        693  SYS_MSG_UNLOAD  go bg!  
[2024/10/14 16:34:04 686] lgi        697  SYS_MSG_SHUTDOWN  
============================================================
Time  2024/10/14 16:34:22 295 
============================================================
[2024/10/14 16:34:22 295] lgi        684  SYS_MSG_LOAD  
[2024/10/14 16:34:22 295] lgi        706  SYS_MSG_REGCB  msp_status_cb  func(14013960) 
[2024/10/14 16:34:22 295] lgi        298  LGI_MSG_INIT  
[2024/10/14 16:34:22 295] lgi        305  lgi  lgi_  268436457  1573451739  
[2024/10/14 16:34:22 295] lgi        347  work_dir  .  
[2024/10/14 16:34:22 295] lgi        403  token:  nil  
[2024/10/14 16:34:22 295] lgi        476  msc cver : 5.0.44.1288  
[2024/10/14 16:34:22 295] lgi        519  ns_enable=  1  
[2024/10/14 16:34:22 295] lgi        531  prot_ver=1  
[2024/10/14 16:34:22 295] lgi        542  prot_type=tcp  
[2024/10/14 16:34:22 295] lgi        693  SYS_MSG_UNLOAD  go bg!  
[2024/10/14 16:40:06 591] lgi        697  SYS_MSG_SHUTDOWN  
============================================================
Time  2024/10/14 16:40:20 156 
============================================================
[2024/10/14 16:40:20 156] lgi        684  SYS_MSG_LOAD  
[2024/10/14 16:40:20 157] lgi        706  SYS_MSG_REGCB  msp_status_cb  func(4c053400) 
[2024/10/14 16:40:20 157] lgi        298  LGI_MSG_INIT  
[2024/10/14 16:40:20 157] lgi        305  lgi  lgi_  268436457  1573451739  
[2024/10/14 16:40:20 157] lgi        347  work_dir  .  
[2024/10/14 16:40:20 157] lgi        403  token:  nil  
[2024/10/14 16:40:20 157] lgi        476  msc cver : 5.0.44.1288  
[2024/10/14 16:40:20 157] lgi        519  ns_enable=  1  
[2024/10/14 16:40:20 157] lgi        531  prot_ver=1  
[2024/10/14 16:40:20 157] lgi        542  prot_type=tcp  
[2024/10/14 16:40:20 157] lgi        693  SYS_MSG_UNLOAD  go bg!  
[2024/10/14 16:45:52 491] lgi        697  SYS_MSG_SHUTDOWN  
============================================================
Time  2024/10/14 16:46:08 589 
============================================================
[2024/10/14 16:46:08 589] lgi        684  SYS_MSG_LOAD  
[2024/10/14 16:46:08 589] lgi        706  SYS_MSG_REGCB  msp_status_cb  func(8c0135e0) 
[2024/10/14 16:46:08 589] lgi        298  LGI_MSG_INIT  
[2024/10/14 16:46:08 589] lgi        305  lgi  lgi_  268436457  1573451739  
[2024/10/14 16:46:08 589] lgi        347  work_dir  .  
[2024/10/14 16:46:08 589] lgi        403  token:  nil  
[2024/10/14 16:46:08 589] lgi        476  msc cver : 5.0.44.1288  
[2024/10/14 16:46:08 589] lgi        519  ns_enable=  1  
[2024/10/14 16:46:08 590] lgi        531  prot_ver=1  
[2024/10/14 16:46:08 590] lgi        542  prot_type=tcp  
[2024/10/14 16:46:08 590] lgi        693  SYS_MSG_UNLOAD  go bg!  
[2024/10/14 16:46:55 086] lgi        697  SYS_MSG_SHUTDOWN  
============================================================
Time  2024/10/14 16:47:07 357 
============================================================
[2024/10/14 16:47:07 357] lgi        684  SYS_MSG_LOAD  
[2024/10/14 16:47:07 357] lgi        706  SYS_MSG_REGCB  msp_status_cb  func(88013920) 
[2024/10/14 16:47:07 357] lgi        298  LGI_MSG_INIT  
[2024/10/14 16:47:07 357] lgi        305  lgi  lgi_  268436457  1573451739  
[2024/10/14 16:47:07 357] lgi        347  work_dir  .  
[2024/10/14 16:47:07 357] lgi        403  token:  nil  
[2024/10/14 16:47:07 357] lgi        476  msc cver : 5.0.44.1288  
[2024/10/14 16:47:07 357] lgi        519  ns_enable=  1  
[2024/10/14 16:47:07 357] lgi        531  prot_ver=1  
[2024/10/14 16:47:07 357] lgi        542  prot_type=tcp  
[2024/10/14 16:47:07 357] lgi        693  SYS_MSG_UNLOAD  go bg!  
[2024/10/14 16:47:43 876] lgi        697  SYS_MSG_SHUTDOWN  
============================================================
Time  2024/10/14 16:47:56 569 
============================================================
[2024/10/14 16:47:56 569] lgi        684  SYS_MSG_LOAD  
[2024/10/14 16:47:56 569] lgi        706  SYS_MSG_REGCB  msp_status_cb  func(80013960) 
[2024/10/14 16:47:56 569] lgi        298  LGI_MSG_INIT  
[2024/10/14 16:47:56 569] lgi        305  lgi  lgi_  268436457  1573451739  
[2024/10/14 16:47:56 569] lgi        347  work_dir  .  
[2024/10/14 16:47:56 569] lgi        403  token:  nil  
[2024/10/14 16:47:56 569] lgi        476  msc cver : 5.0.44.1288  
[2024/10/14 16:47:56 569] lgi        519  ns_enable=  1  
[2024/10/14 16:47:56 569] lgi        531  prot_ver=1  
[2024/10/14 16:47:56 569] lgi        542  prot_type=tcp  
[2024/10/14 16:47:56 570] lgi        693  SYS_MSG_UNLOAD  go bg!  
============================================================
Time  2024/10/14 16:59:11 910 
============================================================
[2024/10/14 16:59:11 910] lgi        684  SYS_MSG_LOAD  
[2024/10/14 16:59:11 911] lgi        706  SYS_MSG_REGCB  msp_status_cb  func(f4013920) 
[2024/10/14 16:59:11 911] lgi        298  LGI_MSG_INIT  
[2024/10/14 16:59:11 911] lgi        305  lgi  lgi_  268436457  1573451739  
[2024/10/14 16:59:11 911] lgi        347  work_dir  .  
[2024/10/14 16:59:11 911] lgi        403  token:  nil  
[2024/10/14 16:59:11 911] lgi        476  msc cver : 5.0.44.1288  
[2024/10/14 16:59:11 911] lgi        519  ns_enable=  1  
[2024/10/14 16:59:11 911] lgi        531  prot_ver=1  
[2024/10/14 16:59:11 911] lgi        542  prot_type=tcp  
[2024/10/14 16:59:11 911] lgi        693  SYS_MSG_UNLOAD  go bg!  
[2024/10/14 16:59:38 438] lgi        697  SYS_MSG_SHUTDOWN  
============================================================
Time  2024/10/14 17:01:18 442 
============================================================
[2024/10/14 17:01:18 442] lgi        684  SYS_MSG_LOAD  
[2024/10/14 17:01:18 442] lgi        706  SYS_MSG_REGCB  msp_status_cb  func(c0533f0) 
[2024/10/14 17:01:18 442] lgi        298  LGI_MSG_INIT  
[2024/10/14 17:01:18 442] lgi        305  lgi  lgi_  268436457  1573451739  
[2024/10/14 17:01:18 442] lgi        347  work_dir  .  
[2024/10/14 17:01:18 442] lgi        403  token:  nil  
[2024/10/14 17:01:18 442] lgi        476  msc cver : 5.0.44.1288  
[2024/10/14 17:01:18 442] lgi        519  ns_enable=  1  
[2024/10/14 17:01:18 442] lgi        531  prot_ver=1  
[2024/10/14 17:01:18 442] lgi        542  prot_type=tcp  
[2024/10/14 17:01:18 443] lgi        693  SYS_MSG_UNLOAD  go bg!  
[2024/10/14 17:01:24 989] lgi        697  SYS_MSG_SHUTDOWN  
============================================================
Time  2024/10/14 17:01:45 925 
============================================================
[2024/10/14 17:01:45 925] lgi        684  SYS_MSG_LOAD  
[2024/10/14 17:01:45 925] lgi        706  SYS_MSG_REGCB  msp_status_cb  func(5c013960) 
[2024/10/14 17:01:45 925] lgi        298  LGI_MSG_INIT  
[2024/10/14 17:01:45 925] lgi        305  lgi  lgi_  268436457  1573451739  
[2024/10/14 17:01:45 925] lgi        347  work_dir  .  
[2024/10/14 17:01:45 925] lgi        403  token:  nil  
[2024/10/14 17:01:45 925] lgi        476  msc cver : 5.0.44.1288  
[2024/10/14 17:01:45 925] lgi        519  ns_enable=  1  
[2024/10/14 17:01:45 925] lgi        531  prot_ver=1  
[2024/10/14 17:01:45 925] lgi        542  prot_type=tcp  
[2024/10/14 17:01:45 925] lgi        693  SYS_MSG_UNLOAD  go bg!  
[2024/10/14 17:02:16 462] lgi        697  SYS_MSG_SHUTDOWN  
============================================================
Time  2024/10/14 17:02:32 530 
============================================================
[2024/10/14 17:02:32 530] lgi        684  SYS_MSG_LOAD  
[2024/10/14 17:02:32 531] lgi        706  SYS_MSG_REGCB  msp_status_cb  func(fc013960) 
[2024/10/14 17:02:32 531] lgi        298  LGI_MSG_INIT  
[2024/10/14 17:02:32 531] lgi        305  lgi  lgi_  268436457  1573451739  
[2024/10/14 17:02:32 531] lgi        347  work_dir  .  
[2024/10/14 17:02:32 531] lgi        403  token:  nil  
[2024/10/14 17:02:32 531] lgi        476  msc cver : 5.0.44.1288  
[2024/10/14 17:02:32 531] lgi        519  ns_enable=  1  
[2024/10/14 17:02:32 531] lgi        531  prot_ver=1  
[2024/10/14 17:02:32 531] lgi        542  prot_type=tcp  
[2024/10/14 17:02:32 531] lgi        693  SYS_MSG_UNLOAD  go bg!  
[2024/10/14 17:28:53 960] lgi        697  SYS_MSG_SHUTDOWN  
============================================================
Time  2024/10/14 17:29:10 870 
============================================================
[2024/10/14 17:29:10 870] lgi        684  SYS_MSG_LOAD  
[2024/10/14 17:29:10 870] lgi        706  SYS_MSG_REGCB  msp_status_cb  func(88013960) 
[2024/10/14 17:29:10 870] lgi        298  LGI_MSG_INIT  
[2024/10/14 17:29:10 870] lgi        305  lgi  lgi_  268436457  1573451739  
[2024/10/14 17:29:10 870] lgi        347  work_dir  .  
[2024/10/14 17:29:10 870] lgi        403  token:  nil  
[2024/10/14 17:29:10 870] lgi        476  msc cver : 5.0.44.1288  
[2024/10/14 17:29:10 870] lgi        519  ns_enable=  1  
[2024/10/14 17:29:10 870] lgi        531  prot_ver=1  
[2024/10/14 17:29:10 870] lgi        542  prot_type=tcp  
[2024/10/14 17:29:10 871] lgi        693  SYS_MSG_UNLOAD  go bg!  
[2024/10/14 17:29:19 409] lgi        697  SYS_MSG_SHUTDOWN  
============================================================
Time  2024/10/14 17:29:41 659 
============================================================
[2024/10/14 17:29:41 659] lgi        684  SYS_MSG_LOAD  
[2024/10/14 17:29:41 659] lgi        706  SYS_MSG_REGCB  msp_status_cb  func(4c013960) 
[2024/10/14 17:29:41 659] lgi        298  LGI_MSG_INIT  
[2024/10/14 17:29:41 659] lgi        305  lgi  lgi_  268436457  1573451739  
[2024/10/14 17:29:41 659] lgi        347  work_dir  .  
[2024/10/14 17:29:41 659] lgi        403  token:  nil  
[2024/10/14 17:29:41 659] lgi        476  msc cver : 5.0.44.1288  
[2024/10/14 17:29:41 659] lgi        519  ns_enable=  1  
[2024/10/14 17:29:41 659] lgi        531  prot_ver=1  
[2024/10/14 17:29:41 659] lgi        542  prot_type=tcp  
[2024/10/14 17:29:41 659] lgi        693  SYS_MSG_UNLOAD  go bg!  
[2024/10/14 17:30:38 164] lgi        697  SYS_MSG_SHUTDOWN  
============================================================
Time  2024/10/14 17:31:00 496 
============================================================
[2024/10/14 17:31:00 496] lgi        684  SYS_MSG_LOAD  
[2024/10/14 17:31:00 497] lgi        706  SYS_MSG_REGCB  msp_status_cb  func(24013960) 
[2024/10/14 17:31:00 497] lgi        298  LGI_MSG_INIT  
[2024/10/14 17:31:00 497] lgi        305  lgi  lgi_  268436457  1573451739  
[2024/10/14 17:31:00 497] lgi        347  work_dir  .  
[2024/10/14 17:31:00 497] lgi        403  token:  nil  
[2024/10/14 17:31:00 497] lgi        476  msc cver : 5.0.44.1288  
[2024/10/14 17:31:00 497] lgi        519  ns_enable=  1  
[2024/10/14 17:31:00 497] lgi        531  prot_ver=1  
[2024/10/14 17:31:00 497] lgi        542  prot_type=tcp  
[2024/10/14 17:31:00 497] lgi        693  SYS_MSG_UNLOAD  go bg!  
============================================================
Time  2024/10/14 17:50:11 263 
============================================================
[2024/10/14 17:50:11 263] lgi        684  SYS_MSG_LOAD  
[2024/10/14 17:50:11 263] lgi        706  SYS_MSG_REGCB  msp_status_cb  func(c013960) 
[2024/10/14 17:50:11 263] lgi        298  LGI_MSG_INIT  
[2024/10/14 17:50:11 263] lgi        305  lgi  lgi_  268436457  1573451739  
[2024/10/14 17:50:11 263] lgi        347  work_dir  .  
[2024/10/14 17:50:11 264] lgi        403  token:  nil  
[2024/10/14 17:50:11 264] lgi        476  msc cver : 5.0.44.1288  
[2024/10/14 17:50:11 264] lgi        519  ns_enable=  1  
[2024/10/14 17:50:11 264] lgi        531  prot_ver=1  
[2024/10/14 17:50:11 264] lgi        542  prot_type=tcp  
[2024/10/14 17:50:11 264] lgi        693  SYS_MSG_UNLOAD  go bg!  
[2024/10/14 17:50:16 141] lgi        697  SYS_MSG_SHUTDOWN  
============================================================
Time  2024/10/14 17:50:34 111 
============================================================
[2024/10/14 17:50:34 111] lgi        684  SYS_MSG_LOAD  
[2024/10/14 17:50:34 111] lgi        706  SYS_MSG_REGCB  msp_status_cb  func(38013960) 
[2024/10/14 17:50:34 111] lgi        298  LGI_MSG_INIT  
[2024/10/14 17:50:34 112] lgi        305  lgi  lgi_  268436457  1573451739  
[2024/10/14 17:50:34 112] lgi        347  work_dir  .  
[2024/10/14 17:50:34 112] lgi        403  token:  nil  
[2024/10/14 17:50:34 112] lgi        476  msc cver : 5.0.44.1288  
[2024/10/14 17:50:34 112] lgi        519  ns_enable=  1  
[2024/10/14 17:50:34 112] lgi        531  prot_ver=1  
[2024/10/14 17:50:34 112] lgi        542  prot_type=tcp  
[2024/10/14 17:50:34 112] lgi        693  SYS_MSG_UNLOAD  go bg!  
[2024/10/14 17:50:38 650] lgi        697  SYS_MSG_SHUTDOWN  
============================================================
Time  2024/10/14 17:50:59 783 
============================================================
[2024/10/14 17:50:59 783] lgi        684  SYS_MSG_LOAD  
[2024/10/14 17:50:59 783] lgi        706  SYS_MSG_REGCB  msp_status_cb  func(3c053400) 
[2024/10/14 17:50:59 783] lgi        298  LGI_MSG_INIT  
[2024/10/14 17:50:59 783] lgi        305  lgi  lgi_  268436457  1573451739  
[2024/10/14 17:50:59 783] lgi        347  work_dir  .  
[2024/10/14 17:50:59 783] lgi        403  token:  nil  
[2024/10/14 17:50:59 783] lgi        476  msc cver : 5.0.44.1288  
[2024/10/14 17:50:59 783] lgi        519  ns_enable=  1  
[2024/10/14 17:50:59 784] lgi        531  prot_ver=1  
[2024/10/14 17:50:59 784] lgi        542  prot_type=tcp  
[2024/10/14 17:50:59 784] lgi        693  SYS_MSG_UNLOAD  go bg!  
[2024/10/14 17:51:38 306] lgi        697  SYS_MSG_SHUTDOWN  
============================================================
Time  2024/10/14 17:52:00 048 
============================================================
[2024/10/14 17:52:00 048] lgi        684  SYS_MSG_LOAD  
[2024/10/14 17:52:00 048] lgi        706  SYS_MSG_REGCB  msp_status_cb  func(20013960) 
[2024/10/14 17:52:00 048] lgi        298  LGI_MSG_INIT  
[2024/10/14 17:52:00 048] lgi        305  lgi  lgi_  268436457  1573451739  
[2024/10/14 17:52:00 048] lgi        347  work_dir  .  
[2024/10/14 17:52:00 048] lgi        403  token:  nil  
[2024/10/14 17:52:00 048] lgi        476  msc cver : 5.0.44.1288  
[2024/10/14 17:52:00 048] lgi        519  ns_enable=  1  
[2024/10/14 17:52:00 048] lgi        531  prot_ver=1  
[2024/10/14 17:52:00 048] lgi        542  prot_type=tcp  
[2024/10/14 17:52:00 049] lgi        693  SYS_MSG_UNLOAD  go bg!  
[2024/10/14 17:52:08 620] lgi        697  SYS_MSG_SHUTDOWN  
============================================================
Time  2024/10/14 17:52:25 165 
============================================================
[2024/10/14 17:52:25 165] lgi        684  SYS_MSG_LOAD  
[2024/10/14 17:52:25 165] lgi        706  SYS_MSG_REGCB  msp_status_cb  func(a80533f0) 
[2024/10/14 17:52:25 165] lgi        298  LGI_MSG_INIT  
[2024/10/14 17:52:25 165] lgi        305  lgi  lgi_  268436457  1573451739  
[2024/10/14 17:52:25 165] lgi        347  work_dir  .  
[2024/10/14 17:52:25 165] lgi        403  token:  nil  
[2024/10/14 17:52:25 165] lgi        476  msc cver : 5.0.44.1288  
[2024/10/14 17:52:25 165] lgi        519  ns_enable=  1  
[2024/10/14 17:52:25 165] lgi        531  prot_ver=1  
[2024/10/14 17:52:25 165] lgi        542  prot_type=tcp  
[2024/10/14 17:52:25 165] lgi        693  SYS_MSG_UNLOAD  go bg!  
[2024/10/14 17:52:27 699] lgi        697  SYS_MSG_SHUTDOWN  
============================================================
Time  2024/10/14 17:52:44 580 
============================================================
[2024/10/14 17:52:44 580] lgi        684  SYS_MSG_LOAD  
[2024/10/14 17:52:44 580] lgi        706  SYS_MSG_REGCB  msp_status_cb  func(b8013920) 
[2024/10/14 17:52:44 580] lgi        298  LGI_MSG_INIT  
[2024/10/14 17:52:44 580] lgi        305  lgi  lgi_  268436457  1573451739  
[2024/10/14 17:52:44 580] lgi        347  work_dir  .  
[2024/10/14 17:52:44 580] lgi        403  token:  nil  
[2024/10/14 17:52:44 580] lgi        476  msc cver : 5.0.44.1288  
[2024/10/14 17:52:44 580] lgi        519  ns_enable=  1  
[2024/10/14 17:52:44 580] lgi        531  prot_ver=1  
[2024/10/14 17:52:44 580] lgi        542  prot_type=tcp  
[2024/10/14 17:52:44 581] lgi        693  SYS_MSG_UNLOAD  go bg!  
[2024/10/14 17:53:01 126] lgi        697  SYS_MSG_SHUTDOWN  
============================================================
Time  2024/10/14 17:53:17 672 
============================================================
[2024/10/14 17:53:17 672] lgi        684  SYS_MSG_LOAD  
[2024/10/14 17:53:17 672] lgi        706  SYS_MSG_REGCB  msp_status_cb  func(48013920) 
[2024/10/14 17:53:17 673] lgi        298  LGI_MSG_INIT  
[2024/10/14 17:53:17 673] lgi        305  lgi  lgi_  268436457  1573451739  
[2024/10/14 17:53:17 673] lgi        347  work_dir  .  
[2024/10/14 17:53:17 673] lgi        403  token:  nil  
[2024/10/14 17:53:17 673] lgi        476  msc cver : 5.0.44.1288  
[2024/10/14 17:53:17 673] lgi        519  ns_enable=  1  
[2024/10/14 17:53:17 673] lgi        531  prot_ver=1  
[2024/10/14 17:53:17 673] lgi        542  prot_type=tcp  
[2024/10/14 17:53:17 673] lgi        693  SYS_MSG_UNLOAD  go bg!  
[2024/10/14 17:53:24 223] lgi        697  SYS_MSG_SHUTDOWN  
============================================================
Time  2024/10/14 17:53:40 958 
============================================================
[2024/10/14 17:53:40 958] lgi        684  SYS_MSG_LOAD  
[2024/10/14 17:53:40 958] lgi        706  SYS_MSG_REGCB  msp_status_cb  func(6c0533f0) 
[2024/10/14 17:53:40 958] lgi        298  LGI_MSG_INIT  
[2024/10/14 17:53:40 958] lgi        305  lgi  lgi_  268436457  1573451739  
[2024/10/14 17:53:40 958] lgi        347  work_dir  .  
[2024/10/14 17:53:40 958] lgi        403  token:  nil  
[2024/10/14 17:53:40 958] lgi        476  msc cver : 5.0.44.1288  
[2024/10/14 17:53:40 958] lgi        519  ns_enable=  1  
[2024/10/14 17:53:40 958] lgi        531  prot_ver=1  
[2024/10/14 17:53:40 958] lgi        542  prot_type=tcp  
[2024/10/14 17:53:40 958] lgi        693  SYS_MSG_UNLOAD  go bg!  
============================================================
Time  2024/10/15 09:24:19 250 
============================================================
[2024/10/15 09:24:19 250] lgi        684  SYS_MSG_LOAD  
[2024/10/15 09:24:19 251] lgi        706  SYS_MSG_REGCB  msp_status_cb  func(c80135e0) 
[2024/10/15 09:24:19 251] lgi        298  LGI_MSG_INIT  
[2024/10/15 09:24:19 251] lgi        305  lgi  lgi_  268436457  1573451739  
[2024/10/15 09:24:19 251] lgi        347  work_dir  .  
[2024/10/15 09:24:19 251] lgi        403  token:  nil  
[2024/10/15 09:24:19 251] lgi        476  msc cver : 5.0.44.1288  
[2024/10/15 09:24:19 251] lgi        519  ns_enable=  1  
[2024/10/15 09:24:19 251] lgi        531  prot_ver=1  
[2024/10/15 09:24:19 252] lgi        542  prot_type=tcp  
[2024/10/15 09:24:19 252] lgi        693  SYS_MSG_UNLOAD  go bg!  
[2024/10/15 09:24:45 876] lgi        697  SYS_MSG_SHUTDOWN  
============================================================
Time  2024/10/15 09:25:09 977 
============================================================
[2024/10/15 09:25:09 977] lgi        684  SYS_MSG_LOAD  
[2024/10/15 09:25:09 977] lgi        706  SYS_MSG_REGCB  msp_status_cb  func(28013960) 
[2024/10/15 09:25:09 977] lgi        298  LGI_MSG_INIT  
[2024/10/15 09:25:09 977] lgi        305  lgi  lgi_  268436457  1573451739  
[2024/10/15 09:25:09 977] lgi        347  work_dir  .  
[2024/10/15 09:25:09 977] lgi        403  token:  nil  
[2024/10/15 09:25:09 977] lgi        476  msc cver : 5.0.44.1288  
[2024/10/15 09:25:09 977] lgi        519  ns_enable=  1  
[2024/10/15 09:25:09 977] lgi        531  prot_ver=1  
[2024/10/15 09:25:09 977] lgi        542  prot_type=tcp  
[2024/10/15 09:25:09 978] lgi        693  SYS_MSG_UNLOAD  go bg!  
============================================================
Time  2024/10/15 09:26:32 474 
============================================================
[2024/10/15 09:26:32 474] lgi        684  SYS_MSG_LOAD  
[2024/10/15 09:26:32 475] lgi        706  SYS_MSG_REGCB  msp_status_cb  func(c40533f0) 
[2024/10/15 09:26:32 475] lgi        298  LGI_MSG_INIT  
[2024/10/15 09:26:32 475] lgi        305  lgi  lgi_  268436457  1573451739  
[2024/10/15 09:26:32 475] lgi        347  work_dir  .  
[2024/10/15 09:26:32 475] lgi        403  token:  nil  
[2024/10/15 09:26:32 475] lgi        476  msc cver : 5.0.44.1288  
[2024/10/15 09:26:32 475] lgi        519  ns_enable=  1  
[2024/10/15 09:26:32 475] lgi        531  prot_ver=1  
[2024/10/15 09:26:32 475] lgi        542  prot_type=tcp  
[2024/10/15 09:26:32 475] lgi        693  SYS_MSG_UNLOAD  go bg!  
[2024/10/15 09:26:37 079] lgi        697  SYS_MSG_SHUTDOWN  
============================================================
Time  2024/10/15 09:26:53 906 
============================================================
[2024/10/15 09:26:53 906] lgi        684  SYS_MSG_LOAD  
[2024/10/15 09:26:53 907] lgi        706  SYS_MSG_REGCB  msp_status_cb  func(4c013960) 
[2024/10/15 09:26:53 907] lgi        298  LGI_MSG_INIT  
[2024/10/15 09:26:53 907] lgi        305  lgi  lgi_  268436457  1573451739  
[2024/10/15 09:26:53 907] lgi        347  work_dir  .  
[2024/10/15 09:26:53 907] lgi        403  token:  nil  
[2024/10/15 09:26:53 907] lgi        476  msc cver : 5.0.44.1288  
[2024/10/15 09:26:53 907] lgi        519  ns_enable=  1  
[2024/10/15 09:26:53 907] lgi        531  prot_ver=1  
[2024/10/15 09:26:53 907] lgi        542  prot_type=tcp  
[2024/10/15 09:26:53 907] lgi        693  SYS_MSG_UNLOAD  go bg!  
[2024/10/15 09:28:16 444] lgi        697  SYS_MSG_SHUTDOWN  
============================================================
Time  2024/10/15 09:28:33 084 
============================================================
[2024/10/15 09:28:33 084] lgi        684  SYS_MSG_LOAD  
[2024/10/15 09:28:33 084] lgi        706  SYS_MSG_REGCB  msp_status_cb  func(74013960) 
[2024/10/15 09:28:33 084] lgi        298  LGI_MSG_INIT  
[2024/10/15 09:28:33 084] lgi        305  lgi  lgi_  268436457  1573451739  
[2024/10/15 09:28:33 084] lgi        347  work_dir  .  
[2024/10/15 09:28:33 084] lgi        403  token:  nil  
[2024/10/15 09:28:33 084] lgi        476  msc cver : 5.0.44.1288  
[2024/10/15 09:28:33 084] lgi        519  ns_enable=  1  
[2024/10/15 09:28:33 084] lgi        531  prot_ver=1  
[2024/10/15 09:28:33 084] lgi        542  prot_type=tcp  
[2024/10/15 09:28:33 084] lgi        693  SYS_MSG_UNLOAD  go bg!  
